{"C:\\PROJECTS\\Akin-transfer\\tests\\helpers\\loadScripts.js": {"path":"C:\\PROJECTS\\Akin-transfer\\tests\\helpers\\loadScripts.js","statementMap":{"0":{"start":{"line":1,"column":13},"end":{"line":1,"column":26}},"1":{"start":{"line":2,"column":13},"end":{"line":2,"column":28}},"2":{"start":{"line":4,"column":13},"end":{"line":4,"column":46}},"3":{"start":{"line":9,"column":21},"end":{"line":87,"column":1}},"4":{"start":{"line":90,"column":2},"end":{"line":92,"column":28}},"5":{"start":{"line":94,"column":19},"end":{"line":94,"column":80}},"6":{"start":{"line":95,"column":19},"end":{"line":95,"column":80}},"7":{"start":{"line":98,"column":17},"end":{"line":107,"column":3}},"8":{"start":{"line":110,"column":2},"end":{"line":110,"column":51}},"9":{"start":{"line":113,"column":0},"end":{"line":113,"column":47}}},"fnMap":{"0":{"name":"loadScripts","decl":{"start":{"line":89,"column":9},"end":{"line":89,"column":20}},"loc":{"start":{"line":89,"column":23},"end":{"line":111,"column":1}},"line":89}},"branchMap":{},"s":{"0":4,"1":4,"2":4,"3":4,"4":43,"5":43,"6":43,"7":43,"8":43,"9":4},"f":{"0":43},"b":{},"_coverageSchema":"1a1c01bbd47fc00a2c39e90264f33305004495a9","hash":"0d299739c9aa47b2add9792cbad351fdd18397c7"}
}
